=== Login Successful ===
Email: emp1@example.com
Role:  ROLE_EMPLOYEE

=== STALL MAP DATA (Total: 87 stalls) ===

Reserved Stalls: 3
Available Stalls: 84

=== FULL JSON DATA ===
[
    {
        "businessName":  null,
        "floorName":  "A",
        "paymentAmount":  null,
        "paymentDate":  null,
        "paymentMethod":  null,
        "paymentStatus":  null,
        "price":  5000.0,
        "reserved":  false,
        "stallCode":  "A-01",
        "stallId":  1,
        "stallSize":  "SMALL",
        "stallType":  "SMALL",
        "vendorContact":  null,
        "vendorEmail":  null,
        "vendorName":  null
    },
    {
        "businessName":  null,
        "floorName":  "A",
        "paymentAmount":  null,
        "paymentDate":  null,
        "paymentMethod":  null,
        "paymentStatus":  null,
        "price":  5000.0,
        "reserved":  false,
        "stallCode":  "A-02",
        "stallId":  2,
        "stallSize":  "SMALL",
        "stallType":  "SMALL",
        "vendorContact":  null,
        "vendorEmail":  null,
        "vendorName":  null
    },
    {
        "businessName":  null,
        "floorName":  "A",
        "paymentAmount":  null,
        "paymentDate":  null,
        "paymentMethod":  null,
        "paymentStatus":  null,
        "price":  5000.0,
        "reserved":  false,
        "stallCode":  "A-03",
        "stallId":  3,
        "stallSize":  "SMALL",
        "stallType":  "SMALL",
        "vendorContact":  null,
        "vendorEmail":  null,
        "vendorName":  null
    },
    {
        "businessName":  null,
        "floorName":  "A",
        "paymentAmount":  null,
        "paymentDate":  null,
        "paymentMethod":  null,
        "paymentStatus":  null,
        "price":  5000.0,
        "reserved":  false,
        "stallCode":  "A-04",
        "stallId":  4,
        "stallSize":  "SMALL",
        "stallType":  "SMALL",
        "vendorContact":  null,
        "vendorEmail":  null,
        "vendorName":  null
    },
    {
        "businessName":  null,
        "floorName":  "A",
        "paymentAmount":  null,
        "paymentDate":  null,
        "paymentMethod":  null,
        "paymentStatus":  null,
        "price":  7500.0,
        "reserved":  false,
        "stallCode":  "A-05",
        "stallId":  5,
        "stallSize":  "MEDIUM",
        "stallType":  "MEDIUM",
        "vendorContact":  null,
        "vendorEmail":  null,
        "vendorName":  null
    },
    {
        "businessName":  null,
        "floorName":  "A",
        "paymentAmount":  null,
        "paymentDate":  null,
        "paymentMethod":  null,
        "paymentStatus":  null,
        "price":  7500.0,
        "reserved":  false,
        "stallCode":  "A-06",
        "stallId":  6,
        "stallSize":  "MEDIUM",
        "stallType":  "MEDIUM",
        "vendorContact":  null,
        "vendorEmail":  null,
        "vendorName":  null
    },
    {
        "businessName":  null,
        "floorName":  "A",
        "paymentAmount":  null,
        "paymentDate":  null,
        "paymentMethod":  null,
        "paymentStatus":  null,
        "price":  7500.0,
        "reserved":  false,
        "stallCode":  "A-07",
        "stallId":  7,
        "stallSize":  "MEDIUM",
        "stallType":  "MEDIUM",
        "vendorContact":  null,
        "vendorEmail":  null,
        "vendorName":  null
    },
    {
        "businessName":  null,
        "floorName":  "A",
        "paymentAmount":  null,
        "paymentDate":  null,
        "paymentMethod":  null,
        "paymentStatus":  null,
        "price":  7500.0,
        "reserved":  false,
        "stallCode":  "A-08",
        "stallId":  8,
        "stallSize":  "MEDIUM",
        "stallType":  "MEDIUM",
        "vendorContact":  null,
        "vendorEmail":  null,
        "vendorName":  null
    },
    {
        "businessName":  null,
        "floorName":  "A",
        "paymentAmount":  null,
        "paymentDate":  null,
        "paymentMethod":  null,
        "paymentStatus":  null,
        "price":  7500.0,
        "reserved":  false,
        "stallCode":  "A-09",
        "stallId":  9,
        "stallSize":  "MEDIUM",
        "stallType":  "MEDIUM",
        "vendorContact":  null,
        "vendorEmail":  null,
        "vendorName":  null
    },
    {
        "businessName":  null,
        "floorName":  "A",
        "paymentAmount":  null,
        "paymentDate":  null,
        "paymentMethod":  null,
        "paymentStatus":  null,
        "price":  7500.0,
        "reserved":  false,
        "stallCode":  "A-10",
        "stallId":  10,
        "stallSize":  "MEDIUM",
        "stallType":  "MEDIUM",
        "vendorContact":  null,
        "vendorEmail":  null,
        "vendorName":  null
    },
    {
        "businessName":  null,
        "floorName":  "A",
        "paymentAmount":  null,
        "paymentDate":  null,
        "paymentMethod":  null,
        "paymentStatus":  null,
        "price":  7500.0,
        "reserved":  false,
        "stallCode":  "A-11",
        "stallId":  11,
        "stallSize":  "MEDIUM",
        "stallType":  "MEDIUM",
        "vendorContact":  null,
        "vendorEmail":  null,
        "vendorName":  null
    },
    {
        "businessName":  null,
        "floorName":  "A",
        "paymentAmount":  null,
        "paymentDate":  null,
        "paymentMethod":  null,
        "paymentStatus":  null,
        "price":  7500.0,
        "reserved":  false,
        "stallCode":  "A-12",
        "stallId":  12,
        "stallSize":  "MEDIUM",
        "stallType":  "MEDIUM",
        "vendorContact":  null,
        "vendorEmail":  null,
        "vendorName":  null
    },
    {
        "businessName":  null,
        "floorName":  "A",
        "paymentAmount":  null,
        "paymentDate":  null,
        "paymentMethod":  null,
        "paymentStatus":  null,
        "price":  7500.0,
        "reserved":  false,
        "stallCode":  "A-13",
        "stallId":  13,
        "stallSize":  "MEDIUM",
        "stallType":  "MEDIUM",
        "vendorContact":  null,
        "vendorEmail":  null,
        "vendorName":  null
    },
    {
        "businessName":  null,
        "floorName":  "A",
        "paymentAmount":  null,
        "paymentDate":  null,
        "paymentMethod":  null,
        "paymentStatus":  null,
        "price":  7500.0,
        "reserved":  false,
        "stallCode":  "A-14",
        "stallId":  14,
        "stallSize":  "MEDIUM",
        "stallType":  "MEDIUM",
        "vendorContact":  null,
        "vendorEmail":  null,
        "vendorName":  null
    },
    {
        "businessName":  null,
        "floorName":  "A",
        "paymentAmount":  null,
        "paymentDate":  null,
        "paymentMethod":  null,
        "paymentStatus":  null,
        "price":  7500.0,
        "reserved":  false,
        "stallCode":  "A-15",
        "stallId":  15,
        "stallSize":  "MEDIUM",
        "stallType":  "MEDIUM",
        "vendorContact":  null,
        "vendorEmail":  null,
        "vendorName":  null
    },
    {
        "businessName":  null,
        "floorName":  "A",
        "paymentAmount":  null,
        "paymentDate":  null,
        "paymentMethod":  null,
        "paymentStatus":  null,
        "price":  7500.0,
        "reserved":  false,
        "stallCode":  "A-16",
        "stallId":  16,
        "stallSize":  "MEDIUM",
        "stallType":  "MEDIUM",
        "vendorContact":  null,
        "vendorEmail":  null,
        "vendorName":  null
    },
    {
        "businessName":  null,
        "floorName":  "A",
        "paymentAmount":  null,
        "paymentDate":  null,
        "paymentMethod":  null,
        "paymentStatus":  null,
        "price":  7500.0,
        "reserved":  false,
        "stallCode":  "A-19",
        "stallId":  19,
        "stallSize":  "MEDIUM",
        "stallType":  "MEDIUM",
        "vendorContact":  null,
        "vendorEmail":  null,
        "vendorName":  null
    },
    {
        "businessName":  null,
        "floorName":  "A",
        "paymentAmount":  null,
        "paymentDate":  null,
        "paymentMethod":  null,
        "paymentStatus":  null,
        "price":  7500.0,
        "reserved":  false,
        "stallCode":  "A-20",
        "stallId":  20,
        "stallSize":  "MEDIUM",
        "stallType":  "MEDIUM",
        "vendorContact":  null,
        "vendorEmail":  null,
        "vendorName":  null
    },
    {
        "businessName":  null,
        "floorName":  "B",
        "paymentAmount":  null,
        "paymentDate":  null,
        "paymentMethod":  null,
        "paymentStatus":  null,
        "price":  7500.0,
        "reserved":  false,
        "stallCode":  "B-01",
        "stallId":  21,
        "stallSize":  "MEDIUM",
        "stallType":  "MEDIUM",
        "vendorContact":  null,
        "vendorEmail":  null,
        "vendorName":  null
    },
    {
        "businessName":  null,
        "floorName":  "B",
        "paymentAmount":  null,
        "paymentDate":  null,
        "paymentMethod":  null,
        "paymentStatus":  null,
        "price":  7500.0,
        "reserved":  false,
        "stallCode":  "B-02",
        "stallId":  22,
        "stallSize":  "MEDIUM",
        "stallType":  "MEDIUM",
        "vendorContact":  null,
        "vendorEmail":  null,
        "vendorName":  null
    },
    {
        "businessName":  null,
        "floorName":  "B",
        "paymentAmount":  null,
        "paymentDate":  null,
        "paymentMethod":  null,
        "paymentStatus":  null,
        "price":  7500.0,
        "reserved":  false,
        "stallCode":  "B-03",
        "stallId":  23,
        "stallSize":  "MEDIUM",
        "stallType":  "MEDIUM",
        "vendorContact":  null,
        "vendorEmail":  null,
        "vendorName":  null
    },
    {
        "businessName":  null,
        "floorName":  "B",
        "paymentAmount":  null,
        "paymentDate":  null,
        "paymentMethod":  null,
        "paymentStatus":  null,
        "price":  7500.0,
        "reserved":  false,
        "stallCode":  "B-04",
        "stallId":  24,
        "stallSize":  "MEDIUM",
        "stallType":  "MEDIUM",
        "vendorContact":  null,
        "vendorEmail":  null,
        "vendorName":  null
    },
    {
        "businessName":  null,
        "floorName":  "B",
        "paymentAmount":  null,
        "paymentDate":  null,
        "paymentMethod":  null,
        "paymentStatus":  null,
        "price":  7500.0,
        "reserved":  false,
        "stallCode":  "B-05",
        "stallId":  25,
        "stallSize":  "MEDIUM",
        "stallType":  "MEDIUM",
        "vendorContact":  null,
        "vendorEmail":  null,
        "vendorName":  null
    },
    {
        "businessName":  null,
        "floorName":  "B",
        "paymentAmount":  null,
        "paymentDate":  null,
        "paymentMethod":  null,
        "paymentStatus":  null,
        "price":  7500.0,
        "reserved":  false,
        "stallCode":  "B-06",
        "stallId":  26,
        "stallSize":  "MEDIUM",
        "stallType":  "MEDIUM",
        "vendorContact":  null,
        "vendorEmail":  null,
        "vendorName":  null
    },
    {
        "businessName":  null,
        "floorName":  "B",
        "paymentAmount":  null,
        "paymentDate":  null,
        "paymentMethod":  null,
        "paymentStatus":  null,
        "price":  7500.0,
        "reserved":  false,
        "stallCode":  "B-07",
        "stallId":  27,
        "stallSize":  "MEDIUM",
        "stallType":  "MEDIUM",
        "vendorContact":  null,
        "vendorEmail":  null,
        "vendorName":  null
    },
    {
        "businessName":  null,
        "floorName":  "B",
        "paymentAmount":  null,
        "paymentDate":  null,
        "paymentMethod":  null,
        "paymentStatus":  null,
        "price":  7500.0,
        "reserved":  false,
        "stallCode":  "B-08",
        "stallId":  28,
        "stallSize":  "MEDIUM",
        "stallType":  "MEDIUM",
        "vendorContact":  null,
        "vendorEmail":  null,
        "vendorName":  null
    },
    {
        "businessName":  null,
        "floorName":  "C",
        "paymentAmount":  null,
        "paymentDate":  null,
        "paymentMethod":  null,
        "paymentStatus":  null,
        "price":  10000.0,
        "reserved":  false,
        "stallCode":  "C-01",
        "stallId":  29,
        "stallSize":  "LARGE",
        "stallType":  "LARGE",
        "vendorContact":  null,
        "vendorEmail":  null,
        "vendorName":  null
    },
    {
        "businessName":  null,
        "floorName":  "C",
        "paymentAmount":  null,
        "paymentDate":  null,
        "paymentMethod":  null,
        "paymentStatus":  null,
        "price":  5000.0,
        "reserved":  false,
        "stallCode":  "C-02",
        "stallId":  30,
        "stallSize":  "SMALL",
        "stallType":  "SMALL",
        "vendorContact":  null,
        "vendorEmail":  null,
        "vendorName":  null
    },
    {
        "businessName":  null,
        "floorName":  "C",
        "paymentAmount":  null,
        "paymentDate":  null,
        "paymentMethod":  null,
        "paymentStatus":  null,
        "price":  5000.0,
        "reserved":  false,
        "stallCode":  "C-03",
        "stallId":  31,
        "stallSize":  "SMALL",
        "stallType":  "SMALL",
        "vendorContact":  null,
        "vendorEmail":  null,
        "vendorName":  null
    },
    {
        "businessName":  null,
        "floorName":  "C",
        "paymentAmount":  null,
        "paymentDate":  null,
        "paymentMethod":  null,
        "paymentStatus":  null,
        "price":  5000.0,
        "reserved":  false,
        "stallCode":  "C-04",
        "stallId":  32,
        "stallSize":  "SMALL",
        "stallType":  "SMALL",
        "vendorContact":  null,
        "vendorEmail":  null,
        "vendorName":  null
    },
    {
        "businessName":  null,
        "floorName":  "C",
        "paymentAmount":  null,
        "paymentDate":  null,
        "paymentMethod":  null,
        "paymentStatus":  null,
        "price":  5000.0,
        "reserved":  false,
        "stallCode":  "C-05",
        "stallId":  33,
        "stallSize":  "SMALL",
        "stallType":  "SMALL",
        "vendorContact":  null,
        "vendorEmail":  null,
        "vendorName":  null
    },
    {
        "businessName":  null,
        "floorName":  "C",
        "paymentAmount":  null,
        "paymentDate":  null,
        "paymentMethod":  null,
        "paymentStatus":  null,
        "price":  5000.0,
        "reserved":  false,
        "stallCode":  "C-06",
        "stallId":  34,
        "stallSize":  "SMALL",
        "stallType":  "SMALL",
        "vendorContact":  null,
        "vendorEmail":  null,
        "vendorName":  null
    },
    {
        "businessName":  null,
        "floorName":  "C",
        "paymentAmount":  null,
        "paymentDate":  null,
        "paymentMethod":  null,
        "paymentStatus":  null,
        "price":  7500.0,
        "reserved":  false,
        "stallCode":  "C-07",
        "stallId":  35,
        "stallSize":  "MEDIUM",
        "stallType":  "MEDIUM",
        "vendorContact":  null,
        "vendorEmail":  null,
        "vendorName":  null
    },
    {
        "businessName":  null,
        "floorName":  "C",
        "paymentAmount":  null,
        "paymentDate":  null,
        "paymentMethod":  null,
        "paymentStatus":  null,
        "price":  7500.0,
        "reserved":  false,
        "stallCode":  "C-08",
        "stallId":  36,
        "stallSize":  "MEDIUM",
        "stallType":  "MEDIUM",
        "vendorContact":  null,
        "vendorEmail":  null,
        "vendorName":  null
    },
    {
        "businessName":  null,
        "floorName":  "C",
        "paymentAmount":  null,
        "paymentDate":  null,
        "paymentMethod":  null,
        "paymentStatus":  null,
        "price":  7500.0,
        "reserved":  false,
        "stallCode":  "C-09",
        "stallId":  37,
        "stallSize":  "MEDIUM",
        "stallType":  "MEDIUM",
        "vendorContact":  null,
        "vendorEmail":  null,
        "vendorName":  null
    },
    {
        "businessName":  null,
        "floorName":  "C",
        "paymentAmount":  null,
        "paymentDate":  null,
        "paymentMethod":  null,
        "paymentStatus":  null,
        "price":  7500.0,
        "reserved":  false,
        "stallCode":  "C-10",
        "stallId":  38,
        "stallSize":  "MEDIUM",
        "stallType":  "MEDIUM",
        "vendorContact":  null,
        "vendorEmail":  null,
        "vendorName":  null
    },
    {
        "businessName":  null,
        "floorName":  "C",
        "paymentAmount":  null,
        "paymentDate":  null,
        "paymentMethod":  null,
        "paymentStatus":  null,
        "price":  7500.0,
        "reserved":  false,
        "stallCode":  "C-11",
        "stallId":  39,
        "stallSize":  "MEDIUM",
        "stallType":  "MEDIUM",
        "vendorContact":  null,
        "vendorEmail":  null,
        "vendorName":  null
    },
    {
        "businessName":  null,
        "floorName":  "C",
        "paymentAmount":  null,
        "paymentDate":  null,
        "paymentMethod":  null,
        "paymentStatus":  null,
        "price":  7500.0,
        "reserved":  false,
        "stallCode":  "C-12",
        "stallId":  40,
        "stallSize":  "MEDIUM",
        "stallType":  "MEDIUM",
        "vendorContact":  null,
        "vendorEmail":  null,
        "vendorName":  null
    },
    {
        "businessName":  null,
        "floorName":  "D",
        "paymentAmount":  null,
        "paymentDate":  null,
        "paymentMethod":  null,
        "paymentStatus":  null,
        "price":  10000.0,
        "reserved":  false,
        "stallCode":  "D-01",
        "stallId":  41,
        "stallSize":  "LARGE",
        "stallType":  "LARGE",
        "vendorContact":  null,
        "vendorEmail":  null,
        "vendorName":  null
    },
    {
        "businessName":  null,
        "floorName":  "D",
        "paymentAmount":  null,
        "paymentDate":  null,
        "paymentMethod":  null,
        "paymentStatus":  null,
        "price":  5000.0,
        "reserved":  false,
        "stallCode":  "D-02",
        "stallId":  42,
        "stallSize":  "SMALL",
        "stallType":  "SMALL",
        "vendorContact":  null,
        "vendorEmail":  null,
        "vendorName":  null
    },
    {
        "businessName":  null,
        "floorName":  "D",
        "paymentAmount":  null,
        "paymentDate":  null,
        "paymentMethod":  null,
        "paymentStatus":  null,
        "price":  5000.0,
        "reserved":  false,
        "stallCode":  "D-03",
        "stallId":  43,
        "stallSize":  "SMALL",
        "stallType":  "SMALL",
        "vendorContact":  null,
        "vendorEmail":  null,
        "vendorName":  null
    },
    {
        "businessName":  null,
        "floorName":  "D",
        "paymentAmount":  null,
        "paymentDate":  null,
        "paymentMethod":  null,
        "paymentStatus":  null,
        "price":  5000.0,
        "reserved":  false,
        "stallCode":  "D-04",
        "stallId":  44,
        "stallSize":  "SMALL",
        "stallType":  "SMALL",
        "vendorContact":  null,
        "vendorEmail":  null,
        "vendorName":  null
    },
    {
        "businessName":  null,
        "floorName":  "D",
        "paymentAmount":  null,
        "paymentDate":  null,
        "paymentMethod":  null,
        "paymentStatus":  null,
        "price":  5000.0,
        "reserved":  false,
        "stallCode":  "D-05",
        "stallId":  45,
        "stallSize":  "SMALL",
        "stallType":  "SMALL",
        "vendorContact":  null,
        "vendorEmail":  null,
        "vendorName":  null
    },
    {
        "businessName":  null,
        "floorName":  "D",
        "paymentAmount":  null,
        "paymentDate":  null,
        "paymentMethod":  null,
        "paymentStatus":  null,
        "price":  5000.0,
        "reserved":  false,
        "stallCode":  "D-06",
        "stallId":  46,
        "stallSize":  "SMALL",
        "stallType":  "SMALL",
        "vendorContact":  null,
        "vendorEmail":  null,
        "vendorName":  null
    },
    {
        "businessName":  null,
        "floorName":  "D",
        "paymentAmount":  null,
        "paymentDate":  null,
        "paymentMethod":  null,
        "paymentStatus":  null,
        "price":  7500.0,
        "reserved":  false,
        "stallCode":  "D-08",
        "stallId":  48,
        "stallSize":  "MEDIUM",
        "stallType":  "MEDIUM",
        "vendorContact":  null,
        "vendorEmail":  null,
        "vendorName":  null
    },
    {
        "businessName":  null,
        "floorName":  "D",
        "paymentAmount":  null,
        "paymentDate":  null,
        "paymentMethod":  null,
        "paymentStatus":  null,
        "price":  7500.0,
        "reserved":  false,
        "stallCode":  "D-09",
        "stallId":  49,
        "stallSize":  "MEDIUM",
        "stallType":  "MEDIUM",
        "vendorContact":  null,
        "vendorEmail":  null,
        "vendorName":  null
    },
    {
        "businessName":  null,
        "floorName":  "D",
        "paymentAmount":  null,
        "paymentDate":  null,
        "paymentMethod":  null,
        "paymentStatus":  null,
        "price":  7500.0,
        "reserved":  false,
        "stallCode":  "D-10",
        "stallId":  50,
        "stallSize":  "MEDIUM",
        "stallType":  "MEDIUM",
        "vendorContact":  null,
        "vendorEmail":  null,
        "vendorName":  null
    },
    {
        "businessName":  null,
        "floorName":  "D",
        "paymentAmount":  null,
        "paymentDate":  null,
        "paymentMethod":  null,
        "paymentStatus":  null,
        "price":  7500.0,
        "reserved":  false,
        "stallCode":  "D-11",
        "stallId":  51,
        "stallSize":  "MEDIUM",
        "stallType":  "MEDIUM",
        "vendorContact":  null,
        "vendorEmail":  null,
        "vendorName":  null
    },
    {
        "businessName":  null,
        "floorName":  "D",
        "paymentAmount":  null,
        "paymentDate":  null,
        "paymentMethod":  null,
        "paymentStatus":  null,
        "price":  7500.0,
        "reserved":  false,
        "stallCode":  "D-12",
        "stallId":  52,
        "stallSize":  "MEDIUM",
        "stallType":  "MEDIUM",
        "vendorContact":  null,
        "vendorEmail":  null,
        "vendorName":  null
    },
    {
        "businessName":  null,
        "floorName":  "E",
        "paymentAmount":  null,
        "paymentDate":  null,
        "paymentMethod":  null,
        "paymentStatus":  null,
        "price":  10000.0,
        "reserved":  false,
        "stallCode":  "E-01",
        "stallId":  53,
        "stallSize":  "LARGE",
        "stallType":  "LARGE",
        "vendorContact":  null,
        "vendorEmail":  null,
        "vendorName":  null
    },
    {
        "businessName":  null,
        "floorName":  "E",
        "paymentAmount":  null,
        "paymentDate":  null,
        "paymentMethod":  null,
        "paymentStatus":  null,
        "price":  10000.0,
        "reserved":  false,
        "stallCode":  "E-02",
        "stallId":  54,
        "stallSize":  "LARGE",
        "stallType":  "LARGE",
        "vendorContact":  null,
        "vendorEmail":  null,
        "vendorName":  null
    },
    {
        "businessName":  null,
        "floorName":  "E",
        "paymentAmount":  null,
        "paymentDate":  null,
        "paymentMethod":  null,
        "paymentStatus":  null,
        "price":  10000.0,
        "reserved":  false,
        "stallCode":  "E-03",
        "stallId":  55,
        "stallSize":  "LARGE",
        "stallType":  "LARGE",
        "vendorContact":  null,
        "vendorEmail":  null,
        "vendorName":  null
    },
    {
        "businessName":  null,
        "floorName":  "E",
        "paymentAmount":  null,
        "paymentDate":  null,
        "paymentMethod":  null,
        "paymentStatus":  null,
        "price":  10000.0,
        "reserved":  false,
        "stallCode":  "E-04",
        "stallId":  56,
        "stallSize":  "LARGE",
        "stallType":  "LARGE",
        "vendorContact":  null,
        "vendorEmail":  null,
        "vendorName":  null
    },
    {
        "businessName":  null,
        "floorName":  "E",
        "paymentAmount":  null,
        "paymentDate":  null,
        "paymentMethod":  null,
        "paymentStatus":  null,
        "price":  10000.0,
        "reserved":  false,
        "stallCode":  "E-05",
        "stallId":  57,
        "stallSize":  "LARGE",
        "stallType":  "LARGE",
        "vendorContact":  null,
        "vendorEmail":  null,
        "vendorName":  null
    },
    {
        "businessName":  null,
        "floorName":  "F",
        "paymentAmount":  null,
        "paymentDate":  null,
        "paymentMethod":  null,
        "paymentStatus":  null,
        "price":  5000.0,
        "reserved":  false,
        "stallCode":  "F-01",
        "stallId":  58,
        "stallSize":  "SMALL",
        "stallType":  "SMALL",
        "vendorContact":  null,
        "vendorEmail":  null,
        "vendorName":  null
    },
    {
        "businessName":  null,
        "floorName":  "F",
        "paymentAmount":  null,
        "paymentDate":  null,
        "paymentMethod":  null,
        "paymentStatus":  null,
        "price":  5000.0,
        "reserved":  false,
        "stallCode":  "F-02",
        "stallId":  59,
        "stallSize":  "SMALL",
        "stallType":  "SMALL",
        "vendorContact":  null,
        "vendorEmail":  null,
        "vendorName":  null
    },
    {
        "businessName":  null,
        "floorName":  "F",
        "paymentAmount":  null,
        "paymentDate":  null,
        "paymentMethod":  null,
        "paymentStatus":  null,
        "price":  5000.0,
        "reserved":  false,
        "stallCode":  "F-03",
        "stallId":  60,
        "stallSize":  "SMALL",
        "stallType":  "SMALL",
        "vendorContact":  null,
        "vendorEmail":  null,
        "vendorName":  null
    },
    {
        "businessName":  null,
        "floorName":  "F",
        "paymentAmount":  null,
        "paymentDate":  null,
        "paymentMethod":  null,
        "paymentStatus":  null,
        "price":  5000.0,
        "reserved":  false,
        "stallCode":  "F-04",
        "stallId":  61,
        "stallSize":  "SMALL",
        "stallType":  "SMALL",
        "vendorContact":  null,
        "vendorEmail":  null,
        "vendorName":  null
    },
    {
        "businessName":  null,
        "floorName":  "F",
        "paymentAmount":  null,
        "paymentDate":  null,
        "paymentMethod":  null,
        "paymentStatus":  null,
        "price":  10000.0,
        "reserved":  false,
        "stallCode":  "F-05",
        "stallId":  62,
        "stallSize":  "LARGE",
        "stallType":  "LARGE",
        "vendorContact":  null,
        "vendorEmail":  null,
        "vendorName":  null
    },
    {
        "businessName":  null,
        "floorName":  "F",
        "paymentAmount":  null,
        "paymentDate":  null,
        "paymentMethod":  null,
        "paymentStatus":  null,
        "price":  10000.0,
        "reserved":  false,
        "stallCode":  "F-06",
        "stallId":  63,
        "stallSize":  "LARGE",
        "stallType":  "LARGE",
        "vendorContact":  null,
        "vendorEmail":  null,
        "vendorName":  null
    },
    {
        "businessName":  null,
        "floorName":  "F",
        "paymentAmount":  null,
        "paymentDate":  null,
        "paymentMethod":  null,
        "paymentStatus":  null,
        "price":  7500.0,
        "reserved":  false,
        "stallCode":  "F-07",
        "stallId":  64,
        "stallSize":  "MEDIUM",
        "stallType":  "MEDIUM",
        "vendorContact":  null,
        "vendorEmail":  null,
        "vendorName":  null
    },
    {
        "businessName":  null,
        "floorName":  "F",
        "paymentAmount":  null,
        "paymentDate":  null,
        "paymentMethod":  null,
        "paymentStatus":  null,
        "price":  7500.0,
        "reserved":  false,
        "stallCode":  "F-08",
        "stallId":  65,
        "stallSize":  "MEDIUM",
        "stallType":  "MEDIUM",
        "vendorContact":  null,
        "vendorEmail":  null,
        "vendorName":  null
    },
    {
        "businessName":  null,
        "floorName":  "F",
        "paymentAmount":  null,
        "paymentDate":  null,
        "paymentMethod":  null,
        "paymentStatus":  null,
        "price":  7500.0,
        "reserved":  false,
        "stallCode":  "F-09",
        "stallId":  66,
        "stallSize":  "MEDIUM",
        "stallType":  "MEDIUM",
        "vendorContact":  null,
        "vendorEmail":  null,
        "vendorName":  null
    },
    {
        "businessName":  null,
        "floorName":  "F",
        "paymentAmount":  null,
        "paymentDate":  null,
        "paymentMethod":  null,
        "paymentStatus":  null,
        "price":  7500.0,
        "reserved":  false,
        "stallCode":  "F-10",
        "stallId":  67,
        "stallSize":  "MEDIUM",
        "stallType":  "MEDIUM",
        "vendorContact":  null,
        "vendorEmail":  null,
        "vendorName":  null
    },
    {
        "businessName":  null,
        "floorName":  "F",
        "paymentAmount":  null,
        "paymentDate":  null,
        "paymentMethod":  null,
        "paymentStatus":  null,
        "price":  7500.0,
        "reserved":  false,
        "stallCode":  "F-11",
        "stallId":  68,
        "stallSize":  "MEDIUM",
        "stallType":  "MEDIUM",
        "vendorContact":  null,
        "vendorEmail":  null,
        "vendorName":  null
    },
    {
        "businessName":  null,
        "floorName":  "F",
        "paymentAmount":  null,
        "paymentDate":  null,
        "paymentMethod":  null,
        "paymentStatus":  null,
        "price":  7500.0,
        "reserved":  false,
        "stallCode":  "F-12",
        "stallId":  69,
        "stallSize":  "MEDIUM",
        "stallType":  "MEDIUM",
        "vendorContact":  null,
        "vendorEmail":  null,
        "vendorName":  null
    },
    {
        "businessName":  null,
        "floorName":  "F",
        "paymentAmount":  null,
        "paymentDate":  null,
        "paymentMethod":  null,
        "paymentStatus":  null,
        "price":  7500.0,
        "reserved":  false,
        "stallCode":  "F-13",
        "stallId":  70,
        "stallSize":  "MEDIUM",
        "stallType":  "MEDIUM",
        "vendorContact":  null,
        "vendorEmail":  null,
        "vendorName":  null
    },
    {
        "businessName":  null,
        "floorName":  "F",
        "paymentAmount":  null,
        "paymentDate":  null,
        "paymentMethod":  null,
        "paymentStatus":  null,
        "price":  7500.0,
        "reserved":  false,
        "stallCode":  "F-14",
        "stallId":  71,
        "stallSize":  "MEDIUM",
        "stallType":  "MEDIUM",
        "vendorContact":  null,
        "vendorEmail":  null,
        "vendorName":  null
    },
    {
        "businessName":  null,
        "floorName":  "F",
        "paymentAmount":  null,
        "paymentDate":  null,
        "paymentMethod":  null,
        "paymentStatus":  null,
        "price":  7500.0,
        "reserved":  false,
        "stallCode":  "F-15",
        "stallId":  72,
        "stallSize":  "MEDIUM",
        "stallType":  "MEDIUM",
        "vendorContact":  null,
        "vendorEmail":  null,
        "vendorName":  null
    },
    {
        "businessName":  null,
        "floorName":  "G",
        "paymentAmount":  null,
        "paymentDate":  null,
        "paymentMethod":  null,
        "paymentStatus":  null,
        "price":  5000.0,
        "reserved":  false,
        "stallCode":  "G-01",
        "stallId":  73,
        "stallSize":  "SMALL",
        "stallType":  "SMALL",
        "vendorContact":  null,
        "vendorEmail":  null,
        "vendorName":  null
    },
    {
        "businessName":  null,
        "floorName":  "G",
        "paymentAmount":  null,
        "paymentDate":  null,
        "paymentMethod":  null,
        "paymentStatus":  null,
        "price":  5000.0,
        "reserved":  false,
        "stallCode":  "G-02",
        "stallId":  74,
        "stallSize":  "SMALL",
        "stallType":  "SMALL",
        "vendorContact":  null,
        "vendorEmail":  null,
        "vendorName":  null
    },
    {
        "businessName":  null,
        "floorName":  "G",
        "paymentAmount":  null,
        "paymentDate":  null,
        "paymentMethod":  null,
        "paymentStatus":  null,
        "price":  5000.0,
        "reserved":  false,
        "stallCode":  "G-03",
        "stallId":  75,
        "stallSize":  "SMALL",
        "stallType":  "SMALL",
        "vendorContact":  null,
        "vendorEmail":  null,
        "vendorName":  null
    },
    {
        "businessName":  null,
        "floorName":  "G",
        "paymentAmount":  null,
        "paymentDate":  null,
        "paymentMethod":  null,
        "paymentStatus":  null,
        "price":  5000.0,
        "reserved":  false,
        "stallCode":  "G-04",
        "stallId":  76,
        "stallSize":  "SMALL",
        "stallType":  "SMALL",
        "vendorContact":  null,
        "vendorEmail":  null,
        "vendorName":  null
    },
    {
        "businessName":  null,
        "floorName":  "G",
        "paymentAmount":  null,
        "paymentDate":  null,
        "paymentMethod":  null,
        "paymentStatus":  null,
        "price":  10000.0,
        "reserved":  false,
        "stallCode":  "G-05",
        "stallId":  77,
        "stallSize":  "LARGE",
        "stallType":  "LARGE",
        "vendorContact":  null,
        "vendorEmail":  null,
        "vendorName":  null
    },
    {
        "businessName":  null,
        "floorName":  "G",
        "paymentAmount":  null,
        "paymentDate":  null,
        "paymentMethod":  null,
        "paymentStatus":  null,
        "price":  10000.0,
        "reserved":  false,
        "stallCode":  "G-06",
        "stallId":  78,
        "stallSize":  "LARGE",
        "stallType":  "LARGE",
        "vendorContact":  null,
        "vendorEmail":  null,
        "vendorName":  null
    },
    {
        "businessName":  null,
        "floorName":  "G",
        "paymentAmount":  null,
        "paymentDate":  null,
        "paymentMethod":  null,
        "paymentStatus":  null,
        "price":  7500.0,
        "reserved":  false,
        "stallCode":  "G-07",
        "stallId":  79,
        "stallSize":  "MEDIUM",
        "stallType":  "MEDIUM",
        "vendorContact":  null,
        "vendorEmail":  null,
        "vendorName":  null
    },
    {
        "businessName":  null,
        "floorName":  "G",
        "paymentAmount":  null,
        "paymentDate":  null,
        "paymentMethod":  null,
        "paymentStatus":  null,
        "price":  7500.0,
        "reserved":  false,
        "stallCode":  "G-08",
        "stallId":  80,
        "stallSize":  "MEDIUM",
        "stallType":  "MEDIUM",
        "vendorContact":  null,
        "vendorEmail":  null,
        "vendorName":  null
    },
    {
        "businessName":  null,
        "floorName":  "G",
        "paymentAmount":  null,
        "paymentDate":  null,
        "paymentMethod":  null,
        "paymentStatus":  null,
        "price":  7500.0,
        "reserved":  false,
        "stallCode":  "G-09",
        "stallId":  81,
        "stallSize":  "MEDIUM",
        "stallType":  "MEDIUM",
        "vendorContact":  null,
        "vendorEmail":  null,
        "vendorName":  null
    },
    {
        "businessName":  null,
        "floorName":  "G",
        "paymentAmount":  null,
        "paymentDate":  null,
        "paymentMethod":  null,
        "paymentStatus":  null,
        "price":  7500.0,
        "reserved":  false,
        "stallCode":  "G-10",
        "stallId":  82,
        "stallSize":  "MEDIUM",
        "stallType":  "MEDIUM",
        "vendorContact":  null,
        "vendorEmail":  null,
        "vendorName":  null
    },
    {
        "businessName":  null,
        "floorName":  "G",
        "paymentAmount":  null,
        "paymentDate":  null,
        "paymentMethod":  null,
        "paymentStatus":  null,
        "price":  7500.0,
        "reserved":  false,
        "stallCode":  "G-11",
        "stallId":  83,
        "stallSize":  "MEDIUM",
        "stallType":  "MEDIUM",
        "vendorContact":  null,
        "vendorEmail":  null,
        "vendorName":  null
    },
    {
        "businessName":  null,
        "floorName":  "G",
        "paymentAmount":  null,
        "paymentDate":  null,
        "paymentMethod":  null,
        "paymentStatus":  null,
        "price":  7500.0,
        "reserved":  false,
        "stallCode":  "G-12",
        "stallId":  84,
        "stallSize":  "MEDIUM",
        "stallType":  "MEDIUM",
        "vendorContact":  null,
        "vendorEmail":  null,
        "vendorName":  null
    },
    {
        "businessName":  null,
        "floorName":  "G",
        "paymentAmount":  null,
        "paymentDate":  null,
        "paymentMethod":  null,
        "paymentStatus":  null,
        "price":  7500.0,
        "reserved":  false,
        "stallCode":  "G-13",
        "stallId":  85,
        "stallSize":  "MEDIUM",
        "stallType":  "MEDIUM",
        "vendorContact":  null,
        "vendorEmail":  null,
        "vendorName":  null
    },
    {
        "businessName":  null,
        "floorName":  "G",
        "paymentAmount":  null,
        "paymentDate":  null,
        "paymentMethod":  null,
        "paymentStatus":  null,
        "price":  7500.0,
        "reserved":  false,
        "stallCode":  "G-14",
        "stallId":  86,
        "stallSize":  "MEDIUM",
        "stallType":  "MEDIUM",
        "vendorContact":  null,
        "vendorEmail":  null,
        "vendorName":  null
    },
    {
        "businessName":  null,
        "floorName":  "G",
        "paymentAmount":  null,
        "paymentDate":  null,
        "paymentMethod":  null,
        "paymentStatus":  null,
        "price":  7500.0,
        "reserved":  false,
        "stallCode":  "G-15",
        "stallId":  87,
        "stallSize":  "MEDIUM",
        "stallType":  "MEDIUM",
        "vendorContact":  null,
        "vendorEmail":  null,
        "vendorName":  null
    },
    {
        "businessName":  null,
        "floorName":  "A",
        "paymentAmount":  7500.0,
        "paymentDate":  "2026-02-18T15:36:49.62023",
        "paymentMethod":  "CASH_ON_DATE",
        "paymentStatus":  "PENDING",
        "price":  7500.0,
        "reserved":  true,
        "stallCode":  "A-17",
        "stallId":  17,
        "stallSize":  "MEDIUM",
        "stallType":  "MEDIUM",
        "vendorContact":  "+94770000000",
        "vendorEmail":  "imeshbandara525@gmail.com",
        "vendorName":  "Employeeone"
    },
    {
        "businessName":  null,
        "floorName":  "D",
        "paymentAmount":  7500.0,
        "paymentDate":  "2026-02-18T15:39:27.215064",
        "paymentMethod":  "CASH_ON_DATE",
        "paymentStatus":  "PENDING",
        "price":  7500.0,
        "reserved":  true,
        "stallCode":  "D-07",
        "stallId":  47,
        "stallSize":  "MEDIUM",
        "stallType":  "MEDIUM",
        "vendorContact":  "+94770000000",
        "vendorEmail":  "imeshbandara525@gmail.com",
        "vendorName":  "Employeeone"
    },
    {
        "businessName":  null,
        "floorName":  "A",
        "paymentAmount":  7500.0,
        "paymentDate":  "2026-02-18T16:05:00.950314",
        "paymentMethod":  "CASH_ON_DATE",
        "paymentStatus":  "PENDING",
        "price":  7500.0,
        "reserved":  true,
        "stallCode":  "A-18",
        "stallId":  18,
        "stallSize":  "MEDIUM",
        "stallType":  "MEDIUM",
        "vendorContact":  "+94770000000",
        "vendorEmail":  "imeshbandara525@gmail.com",
        "vendorName":  "Employeeone"
    }
]
